<?xml version="1.0" encoding="UTF-8" ?>
<testsuites name="vitest tests" tests="1756" failures="0" errors="0" time="25.184635268">
    <testsuite name="tests/unit/allowance-parse.test.ts" timestamp="2026-09-24T09:40:24.508Z" hostname="runnervmtr4k5" tests="1" failures="0" errors="0" skipped="0" time="0.126308949">
        <testcase classname="tests/unit/allowance-parse.test.ts" name="detectAllowanceFromEnvelope &gt; detects a token approve invocation" time="0.123936242">
        </testcase>
    </testsuite>
    <testsuite name="tests/unit/audit.test.ts" timestamp="2026-09-24T09:40:24.509Z" hostname="runnervmtr4k5" tests="10" failures="0" errors="0" skipped="0" time="0.201629196">
        <testcase classname="tests/unit/audit.test.ts" name="wasTxSubmittedFor &gt; finds a transaction this app submitted for this deployment" time="0.140276024">
        </testcase>
        <testcase classname="tests/unit/audit.test.ts" name="wasTxSubmittedFor &gt; matches on every submit action, not just the trigger" time="0.02565071">
        </testcase>
        <testcase classname="tests/unit/audit.test.ts" name="wasTxSubmittedFor &gt; matches a submission through the partner API" time="0.00879994">
        </testcase>
        <testcase classname="tests/unit/audit.test.ts" name="wasTxSubmittedFor &gt; does not match a different transaction on the same deployment" time="0.004142528">
        </testcase>
        <testcase classname="tests/unit/audit.test.ts" name="wasTxSubmittedFor &gt; does not match the same transaction on a different deployment" time="0.003686482">
        </testcase>
        <testcase classname="tests/unit/audit.test.ts" name="wasTxSubmittedFor &gt; ignores actions that are not a submission, even with the right pair" time="0.003363266">
        </testcase>
        <testcase classname="tests/unit/audit.test.ts" name="wasTxSubmittedFor &gt; returns false when no row exists at all" time="0.002174196">
        </testcase>
        <testcase classname="tests/unit/audit.test.ts" name="wasTxSubmittedFor &gt; needsSubmitRow &gt; always writes for a first send, without looking" time="0.002158637">
        </testcase>
        <testcase classname="tests/unit/audit.test.ts" name="wasTxSubmittedFor &gt; needsSubmitRow &gt; skips a duplicate send whose row exists" time="0.003856782">
        </testcase>
        <testcase classname="tests/unit/audit.test.ts" name="wasTxSubmittedFor &gt; needsSubmitRow &gt; writes for a duplicate send whose first attempt left no row" time="0.004522309">
        </testcase>
    </testsuite>
    <testsuite name="tests/unit/checkAccountFunding.test.ts" timestamp="2026-09-24T09:40:24.511Z" hostname="runnervmtr4k5" tests="7" failures="0" errors="0" skipped="0" time="0.010617558">
        <testcase classname="tests/unit/checkAccountFunding.test.ts" name="checkAccountFunding &gt; throws INSUFFICIENT_FUNDS when balance is below minimum" time="0.004219592">
        </testcase>
        <testcase classname="tests/unit/checkAccountFunding.test.ts" name="checkAccountFunding &gt; throws INSUFFICIENT_FUNDS when balance is zero" time="0.000668142">
        </testcase>
        <testcase classname="tests/unit/checkAccountFunding.test.ts" name="checkAccountFunding &gt; throws INSUFFICIENT_FUNDS when account is not funded (NotFoundError)" time="0.001066981">
        </testcase>
        <testcase classname="tests/unit/checkAccountFunding.test.ts" name="checkAccountFunding &gt; succeeds when balance is at minimum (2 XLM)" time="0.000963636">
        </testcase>
        <testcase classname="tests/unit/checkAccountFunding.test.ts" name="checkAccountFunding &gt; succeeds when balance exceeds minimum" time="0.000534102">
        </testcase>
        <testcase classname="tests/unit/checkAccountFunding.test.ts" name="checkAccountFunding &gt; uses custom minLumens when provided" time="0.000426349">
        </testcase>
        <testcase classname="tests/unit/checkAccountFunding.test.ts" name="checkAccountFunding &gt; passes with custom minLumens when balance meets it" time="0.000445816">
        </testcase>
    </testsuite>
    <testsuite name="tests/unit/csp.test.ts" timestamp="2026-09-24T09:40:24.512Z" hostname="runnervmtr4k5" tests="5" failures="0" errors="0" skipped="0" time="0.007644897">
        <testcase classname="tests/unit/csp.test.ts" name="cspHeader &gt; allows both WalletConnect relay origins over wss and https" time="0.003231757">
        </testcase>
        <testcase classname="tests/unit/csp.test.ts" name="cspHeader &gt; allows the .org WalletConnect hosts, not just .com" time="0.000515737">
        </testcase>
        <testcase classname="tests/unit/csp.test.ts" name="cspHeader &gt; sets frame-src explicitly so the Verify iframe is not caught by default-src" time="0.000351388">
        </testcase>
        <testcase classname="tests/unit/csp.test.ts" name="cspHeader &gt; keeps the page itself unframeable" time="0.000851255">
        </testcase>
        <testcase classname="tests/unit/csp.test.ts" name="cspHeader &gt; does not leak dev-only sources into a production header" time="0.000586298">
        </testcase>
    </testsuite>
    <testsuite name="tests/unit/dev-mode-pipeline.test.ts" timestamp="2026-09-24T09:40:24.513Z" hostname="runnervmtr4k5" tests="11" failures="0" errors="0" skipped="0" time="0.035259781">
        <testcase classname="tests/unit/dev-mode-pipeline.test.ts" name="dev-mode pipeline resolver &gt; maps pay -&gt; PAYER_DEV when devMode is on" time="0.012837479">
        </testcase>
        <testcase classname="tests/unit/dev-mode-pipeline.test.ts" name="dev-mode pipeline resolver &gt; leaves recipient blank when pending in dev mode" time="0.0036105">
        </testcase>
        <testcase classname="tests/unit/dev-mode-pipeline.test.ts" name="dev-mode pipeline resolver &gt; maps split -&gt; SPLITTER_DEV and drops pending recipients" time="0.002297839">
        </testcase>
        <testcase classname="tests/unit/dev-mode-pipeline.test.ts" name="dev-mode pipeline resolver &gt; maps subscription -&gt; SUBSCRIPTION_DEV and keeps concrete subscriber" time="0.001574032">
        </testcase>
        <testcase classname="tests/unit/dev-mode-pipeline.test.ts" name="dev-mode pipeline resolver &gt; keeps immutable kinds when devMode is off" time="0.003878383">
        </testcase>
        <testcase classname="tests/unit/dev-mode-pipeline.test.ts" name="dev-mode pipeline resolver &gt; maps cash_out -&gt; CASH_OUT_DEV terminal sink with treasury" time="0.002345753">
        </testcase>
        <testcase classname="tests/unit/dev-mode-pipeline.test.ts" name="dev-mode pipeline resolver &gt; leaves cash_out bank fields blank when empty in dev mode" time="0.000660238">
        </testcase>
        <testcase classname="tests/unit/dev-mode-pipeline.test.ts" name="dev-mode pipeline resolver &gt; maps cash_out -&gt; CASH_OUT in non-dev mode with bank details" time="0.001039319">
        </testcase>
        <testcase classname="tests/unit/dev-mode-pipeline.test.ts" name="dev-mode pipeline resolver &gt; maps payroll dev split fiat recipients to CASH_OUT_DEV terminals" time="0.002428715">
        </testcase>
        <testcase classname="tests/unit/dev-mode-pipeline.test.ts" name="dev-mode pipeline resolver &gt; maps payroll dev fiat pay node to PAYER_DEV + CASH_OUT_DEV terminal" time="0.001025993">
        </testcase>
        <testcase classname="tests/unit/dev-mode-pipeline.test.ts" name="dev-mode pipeline resolver &gt; maps payroll immutable fiat pay node to PAYER + CASH_OUT with bank details" time="0.001029411">
        </testcase>
    </testsuite>
    <testsuite name="tests/unit/english.test.ts" timestamp="2026-09-24T09:40:24.515Z" hostname="runnervmtr4k5" tests="19" failures="0" errors="0" skipped="0" time="0.040004889">
        <testcase classname="tests/unit/english.test.ts" name="flowToEnglish &gt; describes a 60/30/10 split" time="0.003653972">
        </testcase>
        <testcase classname="tests/unit/english.test.ts" name="flowToEnglish &gt; describes a split with minAmountStroops trigger" time="0.000854432">
        </testcase>
        <testcase classname="tests/unit/english.test.ts" name="flowToEnglish &gt; shows projected amounts when source amount is known" time="0.000569778">
        </testcase>
        <testcase classname="tests/unit/english.test.ts" name="flowToEnglish &gt; describes a streamer" time="0.0236291">
        </testcase>
        <testcase classname="tests/unit/english.test.ts" name="flowToEnglish &gt; formats an on_schedule start as a readable date, not a raw ISO timestamp" time="0.000921909">
        </testcase>
        <testcase classname="tests/unit/english.test.ts" name="flowToEnglish &gt; describes a scheduled split (streamer)" time="0.000875992">
        </testcase>
        <testcase classname="tests/unit/english.test.ts" name="flowToEnglish &gt; describes a fixed split" time="0.000576772">
        </testcase>
        <testcase classname="tests/unit/english.test.ts" name="flowToEnglish &gt; describes a flow with condition" time="0.000462938">
        </testcase>
        <testcase classname="tests/unit/english.test.ts" name="flowToEnglish &gt; describes a pay node with percentage mode" time="0.001083683">
        </testcase>
        <testcase classname="tests/unit/english.test.ts" name="flowToEnglish &gt; describes a pay node with fullAmount" time="0.000396333">
        </testcase>
        <testcase classname="tests/unit/english.test.ts" name="flowToEnglish &gt; email_notify &gt; lists the recipients&apos; emails" time="0.000614553">
        </testcase>
        <testcase classname="tests/unit/english.test.ts" name="flowToEnglish &gt; email_notify &gt; says nothing about email while the node has no recipients" time="0.000355397">
        </testcase>
        <testcase classname="tests/unit/english.test.ts" name="flowToEnglish &gt; email_notify &gt; leaves blank rows out of the list" time="0.000444594">
        </testcase>
        <testcase classname="tests/unit/english.test.ts" name="flowToEnglish &gt; describes a web2_webhook → swap → pay flow" time="0.000355476">
        </testcase>
        <testcase classname="tests/unit/english.test.ts" name="flowToEnglish &gt; describes a subscription trigger with interval" time="0.000555501">
        </testcase>
        <testcase classname="tests/unit/english.test.ts" name="flowToEnglish &gt; describes a subscription trigger with plural interval" time="0.000275867">
        </testcase>
        <testcase classname="tests/unit/english.test.ts" name="flowToEnglish &gt; describes a dev-mode payroll trigger with API-filled employer and schedule" time="0.000364404">
        </testcase>
        <testcase classname="tests/unit/english.test.ts" name="flowToEnglish &gt; uses account name for fiat split recipients" time="0.000446939">
        </testcase>
        <testcase classname="tests/unit/english.test.ts" name="flowToEnglish &gt; includes the total fixed distribution as the payroll pull amount" time="0.000359314">
        </testcase>
    </testsuite>
    <testsuite name="tests/unit/env.test.ts" timestamp="2026-09-24T09:40:24.519Z" hostname="runnervmtr4k5" tests="30" failures="0" errors="0" skipped="0" time="0.200781557">
        <testcase classname="tests/unit/env.test.ts" name="env helpers — fail-fast on network mismatch &gt; returns testnet URLs when STELLAR_NETWORK=testnet" time="0.030725228">
        </testcase>
        <testcase classname="tests/unit/env.test.ts" name="env helpers — fail-fast on network mismatch &gt; returns mainnet URLs when STELLAR_NETWORK=mainnet" time="0.011541423">
        </testcase>
        <testcase classname="tests/unit/env.test.ts" name="env helpers — fail-fast on network mismatch &gt; throws when explicit network arg doesn&apos;t match STELLAR_NETWORK (testnet→mainnet ask)" time="0.015319939">
        </testcase>
        <testcase classname="tests/unit/env.test.ts" name="env helpers — fail-fast on network mismatch &gt; throws when explicit network arg doesn&apos;t match STELLAR_NETWORK (mainnet→testnet ask)" time="0.021190017">
        </testcase>
        <testcase classname="tests/unit/env.test.ts" name="env helpers — fail-fast on network mismatch &gt; friendbot throws on mainnet" time="0.004614153">
        </testcase>
        <testcase classname="tests/unit/env.test.ts" name="env — PDAX deposit address validation &gt; accepts a valid Stellar ed25519 address" time="0.004023866">
        </testcase>
        <testcase classname="tests/unit/env.test.ts" name="env — PDAX deposit address validation &gt; throws at load on a malformed deposit address" time="0.005347227">
        </testcase>
        <testcase classname="tests/unit/env.test.ts" name="env — analytics &gt; defaults an absent NEXT_PUBLIC_APP_ENV to local" time="0.002773631">
        </testcase>
        <testcase classname="tests/unit/env.test.ts" name="env — analytics &gt; throws on a misspelled NEXT_PUBLIC_APP_ENV instead of tagging events local" time="0.004865704">
        </testcase>
        <testcase classname="tests/unit/env.test.ts" name="env — analytics &gt; throws on a plaintext POSTHOG_HOST" time="0.002541967">
        </testcase>
        <testcase classname="tests/unit/env.test.ts" name="env — splitter hard limits &gt; uses defaults when unset" time="0.006601339">
        </testcase>
        <testcase classname="tests/unit/env.test.ts" name="env — splitter hard limits &gt; parses custom values" time="0.016847102">
        </testcase>
        <testcase classname="tests/unit/env.test.ts" name="env — splitter hard limits &gt; falls back to defaults on malformed values instead of crashing env()" time="0.003830303">
        </testcase>
        <testcase classname="tests/unit/env.test.ts" name="env — the sandbox is testnet-only &gt; refuses to boot with SANDBOX_ENABLED on mainnet" time="0.004726483">
        </testcase>
        <testcase classname="tests/unit/env.test.ts" name="env — the sandbox is testnet-only &gt; allows it on testnet" time="0.002992793">
        </testcase>
        <testcase classname="tests/unit/env.test.ts" name="env — the sandbox is testnet-only &gt; leaves mainnet alone when the sandbox is off" time="0.002420609">
        </testcase>
        <testcase classname="tests/unit/env.test.ts" name="env — the public demo API is testnet-only and must be configured &gt; refuses to boot with DEMO_API_ENABLED on mainnet" time="0.006116289">
        </testcase>
        <testcase classname="tests/unit/env.test.ts" name="env — the public demo API is testnet-only and must be configured &gt; refuses to boot when enabled without a deployment id" time="0.002730801">
        </testcase>
        <testcase classname="tests/unit/env.test.ts" name="env — the public demo API is testnet-only and must be configured &gt; refuses a deployment id that is not a uuid" time="0.00310877">
        </testcase>
        <testcase classname="tests/unit/env.test.ts" name="env — the public demo API is testnet-only and must be configured &gt; returns the id on testnet when enabled" time="0.002615665">
        </testcase>
        <testcase classname="tests/unit/env.test.ts" name="env — the public demo API is testnet-only and must be configured &gt; returns null when the flag is off even though an id is set" time="0.002484118">
        </testcase>
        <testcase classname="tests/unit/env.test.ts" name="env — the public demo API is testnet-only and must be configured &gt; leaves mainnet alone when the demo is off" time="0.002492965">
        </testcase>
        <testcase classname="tests/unit/env.test.ts" name="env — passkey origins &gt; parses a comma-separated list, trimming whitespace" time="0.00348746">
        </testcase>
        <testcase classname="tests/unit/env.test.ts" name="env — passkey origins &gt; is empty when unset, so rp() can fall back to AUTH_URL" time="0.002510147">
        </testcase>
        <testcase classname="tests/unit/env.test.ts" name="env — passkey origins &gt; rejects an entry that is not a URL" time="0.003488863">
        </testcase>
        <testcase classname="tests/unit/env.test.ts" name="env — passkey origins &gt; normalises a trailing slash, which is what copying an address bar gives you" time="0.00540709">
        </testcase>
        <testcase classname="tests/unit/env.test.ts" name="env — passkey origins &gt; rejects an entry carrying a path" time="0.002413987">
        </testcase>
        <testcase classname="tests/unit/env.test.ts" name="env — passkey origins &gt; rejects an entry carrying credentials" time="0.002433453">
        </testcase>
        <testcase classname="tests/unit/env.test.ts" name="env — passkey origins &gt; rejects a non-blank value that lists no origins" time="0.004510779">
        </testcase>
        <testcase classname="tests/unit/env.test.ts" name="env — passkey origins &gt; treats a whitespace-only value as blank, keeping the fallback reachable" time="0.0120302">
        </testcase>
    </testsuite>
    <testsuite name="tests/unit/friendly-error.test.ts" timestamp="2026-09-24T09:40:24.524Z" hostname="runnervmtr4k5" tests="13" failures="0" errors="0" skipped="0" time="0.012434635">
        <testcase classname="tests/unit/friendly-error.test.ts" name="friendlyError &gt; maps wallet rejections" time="0.003148193">
        </testcase>
        <testcase classname="tests/unit/friendly-error.test.ts" name="friendlyError &gt; maps network failures" time="0.000847459">
        </testcase>
        <testcase classname="tests/unit/friendly-error.test.ts" name="friendlyError &gt; maps a WalletConnect relay stall, keeping the raw string as details" time="0.000435416">
        </testcase>
        <testcase classname="tests/unit/friendly-error.test.ts" name="friendlyError &gt; maps every relay variant the SDK actually emits" time="0.000710792">
        </testcase>
        <testcase classname="tests/unit/friendly-error.test.ts" name="friendlyError &gt; does not claim a wallet-network fault for an unrelated relayer message" time="0.000468869">
        </testcase>
        <testcase classname="tests/unit/friendly-error.test.ts" name="friendlyError &gt; leaves an unapproved wallet connection as a timeout, not a network fault" time="0.000321673">
        </testcase>
        <testcase classname="tests/unit/friendly-error.test.ts" name="friendlyError &gt; passes through API error bodies and preserves details" time="0.000425097">
        </testcase>
        <testcase classname="tests/unit/friendly-error.test.ts" name="friendlyError &gt; uses the fallback for empty messages" time="0.000429104">
        </testcase>
        <testcase classname="tests/unit/friendly-error.test.ts" name="friendlyError &gt; translates a raw Soroban dump as a backstop and keeps it as details" time="0.00118396">
        </testcase>
        <testcase classname="tests/unit/friendly-error.test.ts" name="friendlyError &gt; passes through already-friendly server messages unchanged" time="0.000399248">
        </testcase>
        <testcase classname="tests/unit/friendly-error.test.ts" name="friendlyError &gt; does not misclassify contract rejections as wallet rejections" time="0.000278452">
        </testcase>
        <testcase classname="tests/unit/friendly-error.test.ts" name="apiError &gt; builds an Error that carries details through catches" time="0.000351008">
        </testcase>
        <testcase classname="tests/unit/friendly-error.test.ts" name="apiError &gt; uses the fallback when the body has no message" time="0.00027199">
        </testcase>
    </testsuite>
    <testsuite name="tests/unit/middleware-sandbox.test.ts" timestamp="2026-09-24T09:40:24.526Z" hostname="runnervmtr4k5" tests="72" failures="0" errors="0" skipped="0" time="0.036395022">
        <testcase classname="tests/unit/middleware-sandbox.test.ts" name="isSandboxAllowed &gt; allows /" time="0.005762294">
        </testcase>
        <testcase classname="tests/unit/middleware-sandbox.test.ts" name="isSandboxAllowed &gt; allows /dashboard" time="0.000461886">
        </testcase>
        <testcase classname="tests/unit/middleware-sandbox.test.ts" name="isSandboxAllowed &gt; allows /flows/33333333-3333-3333-3333-333333333333" time="0.00035189">
        </testcase>
        <testcase classname="tests/unit/middleware-sandbox.test.ts" name="isSandboxAllowed &gt; allows /flows/33333333-3333-3333-3333-333333333333/deploy" time="0.000412724">
        </testcase>
        <testcase classname="tests/unit/middleware-sandbox.test.ts" name="isSandboxAllowed &gt; allows /deployments/22222222-2222-2222-2222-222222222222" time="0.000407825">
        </testcase>
        <testcase classname="tests/unit/middleware-sandbox.test.ts" name="isSandboxAllowed &gt; allows /deployments/22222222-2222-2222-2222-222222222222/embed" time="0.000429455">
        </testcase>
        <testcase classname="tests/unit/middleware-sandbox.test.ts" name="isSandboxAllowed &gt; allows /trigger/22222222-2222-2222-2222-222222222222" time="0.003443377">
        </testcase>
        <testcase classname="tests/unit/middleware-sandbox.test.ts" name="isSandboxAllowed &gt; allows /api/auth/sandbox" time="0.000377117">
        </testcase>
        <testcase classname="tests/unit/middleware-sandbox.test.ts" name="isSandboxAllowed &gt; allows /api/auth/session" time="0.000814637">
        </testcase>
        <testcase classname="tests/unit/middleware-sandbox.test.ts" name="isSandboxAllowed &gt; allows /api/auth/csrf" time="0.000318717">
        </testcase>
        <testcase classname="tests/unit/middleware-sandbox.test.ts" name="isSandboxAllowed &gt; allows /api/auth/signout" time="0.000326362">
        </testcase>
        <testcase classname="tests/unit/middleware-sandbox.test.ts" name="isSandboxAllowed &gt; allows /api/auth/stale-session" time="0.000238818">
        </testcase>
        <testcase classname="tests/unit/middleware-sandbox.test.ts" name="isSandboxAllowed &gt; allows /api/auth/callback/credentials" time="0.000142818">
        </testcase>
        <testcase classname="tests/unit/middleware-sandbox.test.ts" name="isSandboxAllowed &gt; allows /api/health" time="0.000183223">
        </testcase>
        <testcase classname="tests/unit/middleware-sandbox.test.ts" name="isSandboxAllowed &gt; allows /api/flows" time="0.003225087">
        </testcase>
        <testcase classname="tests/unit/middleware-sandbox.test.ts" name="isSandboxAllowed &gt; allows /api/flows/new" time="0.00033054">
        </testcase>
        <testcase classname="tests/unit/middleware-sandbox.test.ts" name="isSandboxAllowed &gt; allows /api/address-book" time="0.000432822">
        </testcase>
        <testcase classname="tests/unit/middleware-sandbox.test.ts" name="isSandboxAllowed &gt; allows /api/flows/33333333-3333-3333-3333-333333333333" time="0.00028802">
        </testcase>
        <testcase classname="tests/unit/middleware-sandbox.test.ts" name="isSandboxAllowed &gt; allows /api/flows/33333333-3333-3333-3333-333333333333/validate" time="0.00028242">
        </testcase>
        <testcase classname="tests/unit/middleware-sandbox.test.ts" name="isSandboxAllowed &gt; allows /api/flows/33333333-3333-3333-3333-333333333333/preview" time="0.00021852">
        </testcase>
        <testcase classname="tests/unit/middleware-sandbox.test.ts" name="isSandboxAllowed &gt; allows /api/flows/33333333-3333-3333-3333-333333333333/resolve-addresses" time="0.000188012">
        </testcase>
        <testcase classname="tests/unit/middleware-sandbox.test.ts" name="isSandboxAllowed &gt; allows /api/soroswap/quote" time="0.000263334">
        </testcase>
        <testcase classname="tests/unit/middleware-sandbox.test.ts" name="isSandboxAllowed &gt; allows /api/deployments" time="0.002258875">
        </testcase>
        <testcase classname="tests/unit/middleware-sandbox.test.ts" name="isSandboxAllowed &gt; allows /api/deployments/prepare" time="0.000268834">
        </testcase>
        <testcase classname="tests/unit/middleware-sandbox.test.ts" name="isSandboxAllowed &gt; allows /api/deployments/22222222-2222-2222-2222-222222222222" time="0.000282239">
        </testcase>
        <testcase classname="tests/unit/middleware-sandbox.test.ts" name="isSandboxAllowed &gt; allows /api/deployments/22222222-2222-2222-2222-222222222222/submit" time="0.000313759">
        </testcase>
        <testcase classname="tests/unit/middleware-sandbox.test.ts" name="isSandboxAllowed &gt; allows /api/deployments/22222222-2222-2222-2222-222222222222/status" time="0.000258144">
        </testcase>
        <testcase classname="tests/unit/middleware-sandbox.test.ts" name="isSandboxAllowed &gt; allows /api/deployments/22222222-2222-2222-2222-222222222222/events" time="0.000164829">
        </testcase>
        <testcase classname="tests/unit/middleware-sandbox.test.ts" name="isSandboxAllowed &gt; allows /api/deployments/22222222-2222-2222-2222-222222222222/balances" time="0.00019765">
        </testcase>
        <testcase classname="tests/unit/middleware-sandbox.test.ts" name="isSandboxAllowed &gt; allows /api/deployments/22222222-2222-2222-2222-222222222222/trigger" time="0.000164479">
        </testcase>
        <testcase classname="tests/unit/middleware-sandbox.test.ts" name="isSandboxAllowed &gt; allows /api/deployments/22222222-2222-2222-2222-222222222222/submit-trigger" time="0.000150462">
        </testcase>
        <testcase classname="tests/unit/middleware-sandbox.test.ts" name="isSandboxAllowed &gt; allows /api/deployments/22222222-2222-2222-2222-222222222222/tx-status" time="0.000153739">
        </testcase>
        <testcase classname="tests/unit/middleware-sandbox.test.ts" name="isSandboxAllowed &gt; allows /api/deployments/22222222-2222-2222-2222-222222222222/sep7" time="0.000156252">
        </testcase>
        <testcase classname="tests/unit/middleware-sandbox.test.ts" name="isSandboxAllowed &gt; allows /api/deployments/22222222-2222-2222-2222-222222222222/qr" time="0.000142668">
        </testcase>
        <testcase classname="tests/unit/middleware-sandbox.test.ts" name="isSandboxAllowed &gt; blocks /account" time="0.000226725">
        </testcase>
        <testcase classname="tests/unit/middleware-sandbox.test.ts" name="isSandboxAllowed &gt; blocks /account/address-book" time="0.000148358">
        </testcase>
        <testcase classname="tests/unit/middleware-sandbox.test.ts" name="isSandboxAllowed &gt; blocks /admin" time="0.000146374">
        </testcase>
        <testcase classname="tests/unit/middleware-sandbox.test.ts" name="isSandboxAllowed &gt; blocks /admin/users" time="0.00016501">
        </testcase>
        <testcase classname="tests/unit/middleware-sandbox.test.ts" name="isSandboxAllowed &gt; blocks /admin/offramp" time="0.000146574">
        </testcase>
        <testcase classname="tests/unit/middleware-sandbox.test.ts" name="isSandboxAllowed &gt; blocks /api/account/password" time="0.000155311">
        </testcase>
        <testcase classname="tests/unit/middleware-sandbox.test.ts" name="isSandboxAllowed &gt; blocks /api/account/passkeys" time="0.000184366">
        </testcase>
        <testcase classname="tests/unit/middleware-sandbox.test.ts" name="isSandboxAllowed &gt; blocks /api/admin/users" time="0.000143509">
        </testcase>
        <testcase classname="tests/unit/middleware-sandbox.test.ts" name="isSandboxAllowed &gt; blocks /api/admin/audit-log" time="0.000134752">
        </testcase>
        <testcase classname="tests/unit/middleware-sandbox.test.ts" name="isSandboxAllowed &gt; blocks /api/auth/sessions/revoke-all" time="0.000199083">
        </testcase>
        <testcase classname="tests/unit/middleware-sandbox.test.ts" name="isSandboxAllowed &gt; blocks /api/auth/register" time="0.000204003">
        </testcase>
        <testcase classname="tests/unit/middleware-sandbox.test.ts" name="isSandboxAllowed &gt; blocks /api/auth/password-reset" time="0.000227657">
        </testcase>
        <testcase classname="tests/unit/middleware-sandbox.test.ts" name="isSandboxAllowed &gt; blocks /api/auth/passkey/register/options" time="0.000199394">
        </testcase>
        <testcase classname="tests/unit/middleware-sandbox.test.ts" name="isSandboxAllowed &gt; blocks /api/deployments/22222222-2222-2222-2222-222222222222/invoke" time="0.000342532">
        </testcase>
        <testcase classname="tests/unit/middleware-sandbox.test.ts" name="isSandboxAllowed &gt; blocks /api/deployments/22222222-2222-2222-2222-222222222222/submit-invoke" time="0.000228889">
        </testcase>
        <testcase classname="tests/unit/middleware-sandbox.test.ts" name="isSandboxAllowed &gt; blocks /api/deployments/22222222-2222-2222-2222-222222222222/streamer-state" time="0.000204744">
        </testcase>
        <testcase classname="tests/unit/middleware-sandbox.test.ts" name="isSandboxAllowed &gt; blocks /api/flows/33333333-3333-3333-3333-333333333333/edit" time="0.000182332">
        </testcase>
        <testcase classname="tests/unit/middleware-sandbox.test.ts" name="isSandboxAllowed &gt; blocks /api/transcribe" time="0.000172944">
        </testcase>
        <testcase classname="tests/unit/middleware-sandbox.test.ts" name="isSandboxAllowed &gt; blocks /api/deployments/22222222-2222-2222-2222-222222222222/dev-config" time="0.000163787">
        </testcase>
        <testcase classname="tests/unit/middleware-sandbox.test.ts" name="isSandboxAllowed &gt; blocks /api/deployments/22222222-2222-2222-2222-222222222222/dev-splitter" time="0.000217127">
        </testcase>
        <testcase classname="tests/unit/middleware-sandbox.test.ts" name="isSandboxAllowed &gt; blocks /api/deployments/22222222-2222-2222-2222-222222222222/payroll-allowance" time="0.000167605">
        </testcase>
        <testcase classname="tests/unit/middleware-sandbox.test.ts" name="isSandboxAllowed &gt; blocks /api/deployments/22222222-2222-2222-2222-222222222222/payroll-charge" time="0.000163516">
        </testcase>
        <testcase classname="tests/unit/middleware-sandbox.test.ts" name="isSandboxAllowed &gt; blocks /api/deployments/22222222-2222-2222-2222-222222222222/offramp-enable" time="0.00014396">
        </testcase>
        <testcase classname="tests/unit/middleware-sandbox.test.ts" name="isSandboxAllowed &gt; blocks /api/deployments/22222222-2222-2222-2222-222222222222/subscription-charge" time="0.000142867">
        </testcase>
        <testcase classname="tests/unit/middleware-sandbox.test.ts" name="isSandboxAllowed &gt; blocks /api/deployments/dev-payroll" time="0.000148588">
        </testcase>
        <testcase classname="tests/unit/middleware-sandbox.test.ts" name="isSandboxAllowed &gt; blocks /api/cron/poll-events" time="0.00017629">
        </testcase>
        <testcase classname="tests/unit/middleware-sandbox.test.ts" name="isSandboxAllowed &gt; blocks /api/webhooks/offramp" time="0.000173385">
        </testcase>
        <testcase classname="tests/unit/middleware-sandbox.test.ts" name="isSandboxAllowed &gt; blocks /api/deployments/22222222-2222-2222-2222-222222222222/api-tokens" time="0.000172363">
        </testcase>
        <testcase classname="tests/unit/middleware-sandbox.test.ts" name="isSandboxAllowed &gt; blocks /api/deployments/22222222-2222-2222-2222-222222222222/api-tokens/33333333-3333-3333-3333-333333333333" time="0.000135324">
        </testcase>
        <testcase classname="tests/unit/middleware-sandbox.test.ts" name="isSandboxAllowed &gt; blocks /api/v1" time="0.000137678">
        </testcase>
        <testcase classname="tests/unit/middleware-sandbox.test.ts" name="isSandboxAllowed &gt; blocks /api/v1/deployments/22222222-2222-2222-2222-222222222222/execute" time="0.000133811">
        </testcase>
        <testcase classname="tests/unit/middleware-sandbox.test.ts" name="isSandboxAllowed &gt; blocks /api/v1/deployments/22222222-2222-2222-2222-222222222222/events" time="0.00021876">
        </testcase>
        <testcase classname="tests/unit/middleware-sandbox.test.ts" name="isSandboxAllowed &gt; blocks /api/files" time="0.000149751">
        </testcase>
        <testcase classname="tests/unit/middleware-sandbox.test.ts" name="isSandboxAllowed &gt; blocks /api/files/22222222-2222-2222-2222-222222222222" time="0.000134542">
        </testcase>
        <testcase classname="tests/unit/middleware-sandbox.test.ts" name="isSandboxAllowed &gt; blocks /payroll/22222222-2222-2222-2222-222222222222/employees" time="0.000136015">
        </testcase>
        <testcase classname="tests/unit/middleware-sandbox.test.ts" name="isSandboxAllowed &gt; blocks /api/deployments/prepare/../dev-payroll" time="0.000145684">
        </testcase>
        <testcase classname="tests/unit/middleware-sandbox.test.ts" name="isSandboxAllowed &gt; blocks /flows/new" time="0.000175439">
        </testcase>
        <testcase classname="tests/unit/middleware-sandbox.test.ts" name="isSandboxAllowed &gt; blocks /allowance/22222222-2222-2222-2222-222222222222" time="0.000153348">
        </testcase>
    </testsuite>
    <testsuite name="tests/unit/notifications.test.ts" timestamp="2026-09-24T09:40:24.538Z" hostname="runnervmtr4k5" tests="14" failures="0" errors="0" skipped="0" time="0.011084189">
        <testcase classname="tests/unit/notifications.test.ts" name="buildEmailContext &gt; includes base event fields and walletAddress" time="0.003325594">
        </testcase>
        <testcase classname="tests/unit/notifications.test.ts" name="buildEmailContext &gt; adds condition variables when parent is amount_gt" time="0.000654537">
        </testcase>
        <testcase classname="tests/unit/notifications.test.ts" name="buildEmailContext &gt; uses explicit per-recipient amount override" time="0.00030386">
        </testcase>
        <testcase classname="tests/unit/notifications.test.ts" name="buildEmailContext &gt; resolves asset symbol from graph" time="0.000272791">
        </testcase>
        <testcase classname="tests/unit/notifications.test.ts" name="buildEmailContext &gt; resolves native XLM asset from parent trigger when event asset is an object" time="0.000255278">
        </testcase>
        <testcase classname="tests/unit/notifications.test.ts" name="buildEmailContext &gt; falls back recipient to walletAddress" time="0.000451606">
        </testcase>
        <testcase classname="tests/unit/notifications.test.ts" name="buildEmailContext &gt; prefers event recipient over walletAddress" time="0.000318838">
        </testcase>
        <testcase classname="tests/unit/notifications.test.ts" name="buildEmailContext &gt; estimates a non-matching splitter recipient&apos;s share from the known payment" time="0.000451757">
        </testcase>
        <testcase classname="tests/unit/notifications.test.ts" name="buildEmailContext &gt; returns configured fixed amount for fixed split recipients" time="0.000605415">
        </testcase>
        <testcase classname="tests/unit/notifications.test.ts" name="buildEmailContext &gt; returns null for shortfall events" time="0.000349927">
        </testcase>
        <testcase classname="tests/unit/notifications.test.ts" name="buildEmailContext &gt; builds shortfall context with balance, needed, and remaining" time="0.000609182">
        </testcase>
        <testcase classname="tests/unit/notifications.test.ts" name="interpolateTemplate &gt; replaces known variables" time="0.000299251">
        </testcase>
        <testcase classname="tests/unit/notifications.test.ts" name="interpolateTemplate &gt; interpolates walletAddress" time="0.000156133">
        </testcase>
        <testcase classname="tests/unit/notifications.test.ts" name="interpolateTemplate &gt; leaves unknown variables intact" time="0.000152837">
        </testcase>
    </testsuite>
    <testsuite name="tests/unit/rate-limit.test.ts" timestamp="2026-09-24T09:40:24.541Z" hostname="runnervmtr4k5" tests="4" failures="0" errors="0" skipped="0" time="0.00907714">
        <testcase classname="tests/unit/rate-limit.test.ts" name="rateLimit reports whether the bucket is shared &gt; is not shared when Redis is not configured" time="0.0035168">
        </testcase>
        <testcase classname="tests/unit/rate-limit.test.ts" name="rateLimit reports whether the bucket is shared &gt; is not shared when the Redis call throws" time="0.00118455">
        </testcase>
        <testcase classname="tests/unit/rate-limit.test.ts" name="rateLimit reports whether the bucket is shared &gt; is shared when Redis answers" time="0.000951724">
        </testcase>
        <testcase classname="tests/unit/rate-limit.test.ts" name="rateLimit reports whether the bucket is shared &gt; still reports over-limit from the in-memory fallback" time="0.000824214">
        </testcase>
    </testsuite>
    <testsuite name="tests/unit/scval.test.ts" timestamp="2026-09-24T09:40:24.542Z" hostname="runnervmtr4k5" tests="14" failures="0" errors="0" skipped="0" time="0.0526788">
        <testcase classname="tests/unit/scval.test.ts" name="constructorArgs &gt; splitter recipients encoding &gt; encodes recipients as ScVal scvVec of scvMap entries with address/bps/amount keys" time="0.015343403">
        </testcase>
        <testcase classname="tests/unit/scval.test.ts" name="pipelineNodeConstructorArgs &gt; encodes deposit_trigger with next steps" time="0.003681374">
        </testcase>
        <testcase classname="tests/unit/scval.test.ts" name="pipelineNodeConstructorArgs &gt; encodes splitter with parent and next steps" time="0.003025253">
        </testcase>
        <testcase classname="tests/unit/scval.test.ts" name="pipelineNodeConstructorArgs &gt; encodes timelock with unlock time, mode, next steps, and relayer" time="0.002328536">
        </testcase>
        <testcase classname="tests/unit/scval.test.ts" name="pipelineNodeConstructorArgs &gt; encodes router with threshold and paths" time="0.002807576">
        </testcase>
        <testcase classname="tests/unit/scval.test.ts" name="pipelineNodeConstructorArgs &gt; encodes conditional with condition and next steps" time="0.001384837">
        </testcase>
        <testcase classname="tests/unit/scval.test.ts" name="pipelineNodeConstructorArgs &gt; encodes yield as the four arguments its constructor declares" time="0.002739648">
        </testcase>
        <testcase classname="tests/unit/scval.test.ts" name="pipelineNodeConstructorArgs &gt; does not require a parent address for yield" time="0.001533886">
        </testcase>
        <testcase classname="tests/unit/scval.test.ts" name="pipelineNodeConstructorArgs &gt; encodes streamer with pauseAllowed and retrieveAllowed as last bool args" time="0.004639203">
        </testcase>
        <testcase classname="tests/unit/scval.test.ts" name="pipelineNodeConstructorArgs &gt; encodes splitter_dev recipients with is_cash_out" time="0.005594381">
        </testcase>
        <testcase classname="tests/unit/scval.test.ts" name="pipelineNodeConstructorArgs &gt; encodes splitter recipients with is_cash_out" time="0.002366007">
        </testcase>
        <testcase classname="tests/unit/scval.test.ts" name="pipelineNodeConstructorArgs &gt; does not emit is_cash_out for streamer recipients" time="0.001787572">
        </testcase>
        <testcase classname="tests/unit/scval.test.ts" name="pipelineNodeConstructorArgs &gt; resolves splitter recipient node ids through nodeAddresses" time="0.001384737">
        </testcase>
        <testcase classname="tests/unit/scval.test.ts" name="pipelineNodeConstructorArgs &gt; throws when parent is missing for a child node" time="0.000450785">
        </testcase>
    </testsuite>
    <testsuite name="tests/unit/sep7.test.ts" timestamp="2026-09-24T09:40:24.545Z" hostname="runnervmtr4k5" tests="1" failures="0" errors="0" skipped="0" time="0.004201003">
        <testcase classname="tests/unit/sep7.test.ts" name="sep7PaymentUri &gt; encodes destination and message" time="0.002401911">
        </testcase>
    </testsuite>
    <testsuite name="tests/unit/signed-tx.test.ts" timestamp="2026-09-24T09:40:24.545Z" hostname="runnervmtr4k5" tests="6" failures="0" errors="0" skipped="0" time="0.379017952">
        <testcase classname="tests/unit/signed-tx.test.ts" name="recordSignedTransaction &gt; captures transaction_signed for the signer&apos;s user, or for the wallet with no profile" time="0.283872371">
        </testcase>
        <testcase classname="tests/unit/signed-tx.test.ts" name="recordSignedTransaction &gt; does not capture when the row was not written" time="0.029997883">
            <system-out>
prisma:error 
Invalid `client.signedTransaction.createMany()` invocation in
/home/runner/work/paiflow/paiflow/lib/signed-tx.ts:76:52

  73   row: Prisma.SignedTransactionUncheckedCreateInput,
  74   client: Prisma.TransactionClient | PrismaClient = db,
  75 ): Promise&lt;boolean&gt; {
→ 76   const { count } = await client.signedTransaction.createMany(
Foreign key constraint violated on the constraint: `SignedTransaction_userId_fkey`

            </system-out>
        </testcase>
        <testcase classname="tests/unit/signed-tx.test.ts" name="recordSignedTransaction &gt; writes one row and captures one event per hash; a resubmission is a no-op" time="0.020274871">
        </testcase>
        <testcase classname="tests/unit/signed-tx.test.ts" name="recordSignedTransaction &gt; writes nothing and does not throw for an unreadable envelope" time="0.003291241">
        </testcase>
        <testcase classname="tests/unit/signed-tx.test.ts" name="recordSignedTransaction &gt; swallows a failed write instead of failing the caller" time="0.017459493">
            <system-out>
prisma:error 
Invalid `client.signedTransaction.createMany()` invocation in
/home/runner/work/paiflow/paiflow/lib/signed-tx.ts:76:52

  73   row: Prisma.SignedTransactionUncheckedCreateInput,
  74   client: Prisma.TransactionClient | PrismaClient = db,
  75 ): Promise&lt;boolean&gt; {
→ 76   const { count } = await client.signedTransaction.createMany(
Foreign key constraint violated on the constraint: `SignedTransaction_userId_fkey`

            </system-out>
        </testcase>
        <testcase classname="tests/unit/signed-tx.test.ts" name="recordSignedTransaction &gt; links the row to the signer&apos;s user and survives that user&apos;s deletion" time="0.021484289">
        </testcase>
    </testsuite>
    <testsuite name="tests/unit/streamer-jobs.test.ts" timestamp="2026-09-24T09:40:24.547Z" hostname="runnervmtr4k5" tests="12" failures="0" errors="0" skipped="0" time="0.346407885">
        <testcase classname="tests/unit/streamer-jobs.test.ts" name="computeNextMilestone &gt; returns startTs when fromDate is before the stream starts" time="0.002624662">
        </testcase>
        <testcase classname="tests/unit/streamer-jobs.test.ts" name="computeNextMilestone &gt; returns the next interval boundary during the stream" time="0.000503153">
        </testcase>
        <testcase classname="tests/unit/streamer-jobs.test.ts" name="computeNextMilestone &gt; returns null when the stream has ended" time="0.000428604">
        </testcase>
        <testcase classname="tests/unit/streamer-jobs.test.ts" name="computeNextMilestone &gt; returns endTs when the next boundary lands exactly on endTs" time="0.000340459">
        </testcase>
        <testcase classname="tests/unit/streamer-jobs.test.ts" name="computeNextMilestone &gt; returns null when the next boundary is past endTs" time="0.000269144">
        </testcase>
        <testcase classname="tests/unit/streamer-jobs.test.ts" name="computeNextMilestone &gt; returns null for invalid intervals" time="0.000489498">
        </testcase>
        <testcase classname="tests/unit/streamer-jobs.test.ts" name="scheduleNextStreamerClaimJob &gt; creates a pending job at the next milestone" time="0.165892329">
        </testcase>
        <testcase classname="tests/unit/streamer-jobs.test.ts" name="scheduleNextStreamerClaimJob &gt; does not create a duplicate active job" time="0.053255618">
        </testcase>
        <testcase classname="tests/unit/streamer-jobs.test.ts" name="scheduleNextStreamerClaimJob &gt; creates a new job after the previous one is terminal" time="0.058548867">
        </testcase>
        <testcase classname="tests/unit/streamer-jobs.test.ts" name="scheduleNextStreamerClaimJob &gt; returns null when the stream has ended" time="0.017343674">
        </testcase>
        <testcase classname="tests/unit/streamer-jobs.test.ts" name="getDueStreamerJobs &gt; returns only pending jobs that are due" time="0.021088947">
        </testcase>
        <testcase classname="tests/unit/streamer-jobs.test.ts" name="cancelPendingStreamerJobs &gt; cancels pending and running jobs for a deployment" time="0.022192126">
        </testcase>
    </testsuite>
    <testsuite name="tests/unit/swapper-pipeline.test.ts" timestamp="2026-09-24T09:40:24.549Z" hostname="runnervmtr4k5" tests="23" failures="0" errors="0" skipped="0" time="0.069607362">
        <testcase classname="tests/unit/swapper-pipeline.test.ts" name="schema &gt; defaults slippageBps to 100 and deadlineSecs to 300 so older graphs still parse" time="0.004935375">
        </testcase>
        <testcase classname="tests/unit/swapper-pipeline.test.ts" name="schema &gt; rejects slippage above 100% and a zero deadline" time="0.001997065">
        </testcase>
        <testcase classname="tests/unit/swapper-pipeline.test.ts" name="schema &gt; rejects a deadline past the u64 the constructor serializes" time="0.001081397">
        </testcase>
        <testcase classname="tests/unit/swapper-pipeline.test.ts" name="validateFlow &gt; labels on_receive → swap → pay as SWAPPER, not SPLITTER" time="0.007635178">
        </testcase>
        <testcase classname="tests/unit/swapper-pipeline.test.ts" name="validateFlow &gt; refuses on_receive → yield until the yield crate has an execute_step" time="0.001005335">
        </testcase>
        <testcase classname="tests/unit/swapper-pipeline.test.ts" name="validateFlow &gt; rejects a swap with more than one outgoing edge" time="0.001661435">
        </testcase>
        <testcase classname="tests/unit/swapper-pipeline.test.ts" name="validateFlow &gt; rejects a terminal swap: the output would strand in a contract with no way out" time="0.001477751">
        </testcase>
        <testcase classname="tests/unit/swapper-pipeline.test.ts" name="validateFlow &gt; rejects a swap whose only outgoing edge targets an email_notify" time="0.001229967">
        </testcase>
        <testcase classname="tests/unit/swapper-pipeline.test.ts" name="validateFlow &gt; does not count an email_notify edge toward the swap&apos;s single next step" time="0.001806087">
        </testcase>
        <testcase classname="tests/unit/swapper-pipeline.test.ts" name="validateFlow &gt; rejects a swap whose two sides are the same asset" time="0.000907341">
        </testcase>
        <testcase classname="tests/unit/swapper-pipeline.test.ts" name="validateFlow &gt; accepts a dev-mode flow containing a swap" time="0.000769242">
        </testcase>
        <testcase classname="tests/unit/swapper-pipeline.test.ts" name="validateFlow &gt; rejects a slippage under the 0.3% pool fee with a message bound to slippageBps" time="0.002141756">
        </testcase>
        <testcase classname="tests/unit/swapper-pipeline.test.ts" name="flowToPipeline &gt; carries slippageBps and deadlineSecs and leaves the router off the graph" time="0.00166885">
        </testcase>
        <testcase classname="tests/unit/swapper-pipeline.test.ts" name="flowToPipeline &gt; keeps the swapper immutable in dev mode while siblings become _DEV" time="0.001740543">
        </testcase>
        <testcase classname="tests/unit/swapper-pipeline.test.ts" name="pipelineNodeConstructorArgs swapper &gt; emits the eight constructor args in contract order" time="0.006705474">
        </testcase>
        <testcase classname="tests/unit/swapper-pipeline.test.ts" name="pipelineNodeConstructorArgs swapper &gt; refuses to serialize without a router or a parent" time="0.001166718">
        </testcase>
        <testcase classname="tests/unit/swapper-pipeline.test.ts" name="soroban error mapping &gt; maps a Soroswap router revert to prose through the address map" time="0.000729568">
        </testcase>
        <testcase classname="tests/unit/swapper-pipeline.test.ts" name="soroban error mapping &gt; prefers the originating frame when the error escalates through the pipeline" time="0.000459642">
        </testcase>
        <testcase classname="tests/unit/swapper-pipeline.test.ts" name="soroban error mapping &gt; does not map a re-raised token error against an intermediate frame&apos;s table" time="0.000545694">
        </testcase>
        <testcase classname="tests/unit/swapper-pipeline.test.ts" name="soroban error mapping &gt; maps the swapper&apos;s own codes" time="0.000525506">
        </testcase>
        <testcase classname="tests/unit/swapper-pipeline.test.ts" name="soroban error mapping &gt; maps a missing pool to the factory&apos;s frame, not a bare error code" time="0.000459642">
        </testcase>
        <testcase classname="tests/unit/swapper-pipeline.test.ts" name="soroswapRouterAddress &gt; returns the address pinned for the active network, or undefined" time="0.020543031">
        </testcase>
        <testcase classname="tests/unit/swapper-pipeline.test.ts" name="soroswapRouterAddress &gt; rejects a value that is not a contract address at load time" time="0.003472985">
        </testcase>
    </testsuite>
    <testsuite name="tests/unit/test-config.test.ts" timestamp="2026-09-24T09:40:24.553Z" hostname="runnervmtr4k5" tests="124" failures="0" errors="0" skipped="0" time="0.068507849">
        <testcase classname="tests/unit/test-config.test.ts" name="vitest projects &gt; defines the node and dom projects" time="0.003150935">
        </testcase>
        <testcase classname="tests/unit/test-config.test.ts" name="vitest projects &gt; finds the test files it is checking" time="0.000771115">
        </testcase>
        <testcase classname="tests/unit/test-config.test.ts" name="vitest projects &gt; tests/unit/allowance-parse.test.ts is picked up by exactly one project" time="0.003101001">
        </testcase>
        <testcase classname="tests/unit/test-config.test.ts" name="vitest projects &gt; tests/unit/audit.test.ts is picked up by exactly one project" time="0.000890118">
        </testcase>
        <testcase classname="tests/unit/test-config.test.ts" name="vitest projects &gt; tests/unit/checkAccountFunding.test.ts is picked up by exactly one project" time="0.00072598">
        </testcase>
        <testcase classname="tests/unit/test-config.test.ts" name="vitest projects &gt; tests/unit/csp.test.ts is picked up by exactly one project" time="0.000846176">
        </testcase>
        <testcase classname="tests/unit/test-config.test.ts" name="vitest projects &gt; tests/unit/dev-mode-pipeline.test.ts is picked up by exactly one project" time="0.000932508">
        </testcase>
        <testcase classname="tests/unit/test-config.test.ts" name="vitest projects &gt; tests/unit/english.test.ts is picked up by exactly one project" time="0.000574477">
        </testcase>
        <testcase classname="tests/unit/test-config.test.ts" name="vitest projects &gt; tests/unit/env.test.ts is picked up by exactly one project" time="0.001016265">
        </testcase>
        <testcase classname="tests/unit/test-config.test.ts" name="vitest projects &gt; tests/unit/friendly-error.test.ts is picked up by exactly one project" time="0.00051762">
        </testcase>
        <testcase classname="tests/unit/test-config.test.ts" name="vitest projects &gt; tests/unit/middleware-sandbox.test.ts is picked up by exactly one project" time="0.000594904">
        </testcase>
        <testcase classname="tests/unit/test-config.test.ts" name="vitest projects &gt; tests/unit/notifications.test.ts is picked up by exactly one project" time="0.000402714">
        </testcase>
        <testcase classname="tests/unit/test-config.test.ts" name="vitest projects &gt; tests/unit/rate-limit.test.ts is picked up by exactly one project" time="0.000396292">
        </testcase>
        <testcase classname="tests/unit/test-config.test.ts" name="vitest projects &gt; tests/unit/scval.test.ts is picked up by exactly one project" time="0.000434614">
        </testcase>
        <testcase classname="tests/unit/test-config.test.ts" name="vitest projects &gt; tests/unit/sep7.test.ts is picked up by exactly one project" time="0.000402454">
        </testcase>
        <testcase classname="tests/unit/test-config.test.ts" name="vitest projects &gt; tests/unit/signed-tx.test.ts is picked up by exactly one project" time="0.000424526">
        </testcase>
        <testcase classname="tests/unit/test-config.test.ts" name="vitest projects &gt; tests/unit/streamer-jobs.test.ts is picked up by exactly one project" time="0.000388688">
        </testcase>
        <testcase classname="tests/unit/test-config.test.ts" name="vitest projects &gt; tests/unit/swapper-pipeline.test.ts is picked up by exactly one project" time="0.000415038">
        </testcase>
        <testcase classname="tests/unit/test-config.test.ts" name="vitest projects &gt; tests/unit/test-config.test.ts is picked up by exactly one project" time="0.000364122">
        </testcase>
        <testcase classname="tests/unit/test-config.test.ts" name="vitest projects &gt; tests/unit/to-params.test.ts is picked up by exactly one project" time="0.00044344">
        </testcase>
        <testcase classname="tests/unit/test-config.test.ts" name="vitest projects &gt; tests/unit/tx-status-poll.test.ts is picked up by exactly one project" time="0.000401032">
        </testcase>
        <testcase classname="tests/unit/test-config.test.ts" name="vitest projects &gt; tests/unit/utils.test.ts is picked up by exactly one project" time="0.000369072">
        </testcase>
        <testcase classname="tests/unit/test-config.test.ts" name="vitest projects &gt; tests/unit/validate.test.ts is picked up by exactly one project" time="0.000413254">
        </testcase>
        <testcase classname="tests/unit/test-config.test.ts" name="vitest projects &gt; tests/unit/stellar/client-timeout.test.ts is picked up by exactly one project" time="0.000381455">
        </testcase>
        <testcase classname="tests/unit/test-config.test.ts" name="vitest projects &gt; tests/unit/stellar/dev-mutate.test.ts is picked up by exactly one project" time="0.000369643">
        </testcase>
        <testcase classname="tests/unit/test-config.test.ts" name="vitest projects &gt; tests/unit/stellar/events.test.ts is picked up by exactly one project" time="0.000399178">
        </testcase>
        <testcase classname="tests/unit/test-config.test.ts" name="vitest projects &gt; tests/unit/stellar/explorer.test.ts is picked up by exactly one project" time="0.000374231">
        </testcase>
        <testcase classname="tests/unit/test-config.test.ts" name="vitest projects &gt; tests/unit/stellar/pipeline-error-hint.test.ts is picked up by exactly one project" time="0.000409207">
        </testcase>
        <testcase classname="tests/unit/test-config.test.ts" name="vitest projects &gt; tests/unit/stellar/send-status.test.ts is picked up by exactly one project" time="0.000370594">
        </testcase>
        <testcase classname="tests/unit/test-config.test.ts" name="vitest projects &gt; tests/unit/stellar/signer.test.ts is picked up by exactly one project" time="0.000377116">
        </testcase>
        <testcase classname="tests/unit/test-config.test.ts" name="vitest projects &gt; tests/unit/stellar/soroban-errors.test.ts is picked up by exactly one project" time="0.000423624">
        </testcase>
        <testcase classname="tests/unit/test-config.test.ts" name="vitest projects &gt; tests/unit/stellar/soroswap.test.ts is picked up by exactly one project" time="0.0003896">
        </testcase>
        <testcase classname="tests/unit/test-config.test.ts" name="vitest projects &gt; tests/unit/soroswap/quote.test.ts is picked up by exactly one project" time="0.000374181">
        </testcase>
        <testcase classname="tests/unit/test-config.test.ts" name="vitest projects &gt; tests/unit/payroll/event-feed.test.ts is picked up by exactly one project" time="0.000326752">
        </testcase>
        <testcase classname="tests/unit/test-config.test.ts" name="vitest projects &gt; tests/unit/offramp/assets.test.ts is picked up by exactly one project" time="0.000343744">
        </testcase>
        <testcase classname="tests/unit/test-config.test.ts" name="vitest projects &gt; tests/unit/offramp/cash-out-bank.test.ts is picked up by exactly one project" time="0.000358743">
        </testcase>
        <testcase classname="tests/unit/test-config.test.ts" name="vitest projects &gt; tests/unit/offramp/jobs.test.ts is picked up by exactly one project" time="0.000342302">
        </testcase>
        <testcase classname="tests/unit/test-config.test.ts" name="vitest projects &gt; tests/unit/offramp/pdax-auth.test.ts is picked up by exactly one project" time="0.000381074">
        </testcase>
        <testcase classname="tests/unit/test-config.test.ts" name="vitest projects &gt; tests/unit/offramp/pdax.test.ts is picked up by exactly one project" time="0.000391063">
        </testcase>
        <testcase classname="tests/unit/test-config.test.ts" name="vitest projects &gt; tests/unit/net/public-url-dns.test.ts is picked up by exactly one project" time="0.000357169">
        </testcase>
        <testcase classname="tests/unit/test-config.test.ts" name="vitest projects &gt; tests/unit/net/public-url.test.ts is picked up by exactly one project" time="0.000408035">
        </testcase>
        <testcase classname="tests/unit/test-config.test.ts" name="vitest projects &gt; tests/unit/flows/asset-catalogue.test.ts is picked up by exactly one project" time="0.000390342">
        </testcase>
        <testcase classname="tests/unit/test-config.test.ts" name="vitest projects &gt; tests/unit/flows/conditional-pipeline.test.ts is picked up by exactly one project" time="0.000359053">
        </testcase>
        <testcase classname="tests/unit/test-config.test.ts" name="vitest projects &gt; tests/unit/flows/event-assets.test.ts is picked up by exactly one project" time="0.001241196">
        </testcase>
        <testcase classname="tests/unit/test-config.test.ts" name="vitest projects &gt; tests/unit/flows/graph.test.ts is picked up by exactly one project" time="0.000425677">
        </testcase>
        <testcase classname="tests/unit/test-config.test.ts" name="vitest projects &gt; tests/unit/flows/inbound-amount.test.ts is picked up by exactly one project" time="0.000365375">
        </testcase>
        <testcase classname="tests/unit/test-config.test.ts" name="vitest projects &gt; tests/unit/flows/issue-paths.test.ts is picked up by exactly one project" time="0.000404668">
        </testcase>
        <testcase classname="tests/unit/test-config.test.ts" name="vitest projects &gt; tests/unit/flows/issues-to-fields.test.ts is picked up by exactly one project" time="0.000505808">
        </testcase>
        <testcase classname="tests/unit/test-config.test.ts" name="vitest projects &gt; tests/unit/flows/primitives.test.ts is picked up by exactly one project" time="0.000420077">
        </testcase>
        <testcase classname="tests/unit/test-config.test.ts" name="vitest projects &gt; tests/unit/flows/starter.test.ts is picked up by exactly one project" time="0.00034186">
        </testcase>
        <testcase classname="tests/unit/test-config.test.ts" name="vitest projects &gt; tests/unit/flows/swap-rules.test.ts is picked up by exactly one project" time="0.000383849">
        </testcase>
        <testcase classname="tests/unit/test-config.test.ts" name="vitest projects &gt; tests/unit/flows/validate-action-deployed.test.ts is picked up by exactly one project" time="0.000332413">
        </testcase>
        <testcase classname="tests/unit/test-config.test.ts" name="vitest projects &gt; tests/unit/flows/validate-yield.test.ts is picked up by exactly one project" time="0.000349675">
        </testcase>
        <testcase classname="tests/unit/test-config.test.ts" name="vitest projects &gt; tests/unit/email/password-reset-template.test.ts is picked up by exactly one project" time="0.000390161">
        </testcase>
        <testcase classname="tests/unit/test-config.test.ts" name="vitest projects &gt; tests/unit/cron/auto-charge-payroll.test.ts is picked up by exactly one project" time="0.00034635">
        </testcase>
        <testcase classname="tests/unit/test-config.test.ts" name="vitest projects &gt; tests/unit/cron/auto-charge-subscriptions.test.ts is picked up by exactly one project" time="0.000344175">
        </testcase>
        <testcase classname="tests/unit/test-config.test.ts" name="vitest projects &gt; tests/unit/cron/auto-release.test.ts is picked up by exactly one project" time="0.000382587">
        </testcase>
        <testcase classname="tests/unit/test-config.test.ts" name="vitest projects &gt; tests/unit/cron/finalize-deployments.test.ts is picked up by exactly one project" time="0.000352761">
        </testcase>
        <testcase classname="tests/unit/test-config.test.ts" name="vitest projects &gt; tests/unit/cron/poll-events.test.ts is picked up by exactly one project" time="0.000307707">
        </testcase>
        <testcase classname="tests/unit/test-config.test.ts" name="vitest projects &gt; tests/unit/cron/process-offramp-jobs.test.ts is picked up by exactly one project" time="0.0003684">
        </testcase>
        <testcase classname="tests/unit/test-config.test.ts" name="vitest projects &gt; tests/unit/components/deployment-events.test.ts is picked up by exactly one project" time="0.000343083">
        </testcase>
        <testcase classname="tests/unit/test-config.test.ts" name="vitest projects &gt; tests/unit/components/wallet-connect-config.test.ts is picked up by exactly one project" time="0.000396363">
        </testcase>
        <testcase classname="tests/unit/test-config.test.ts" name="vitest projects &gt; tests/unit/builder/address-input.test.ts is picked up by exactly one project" time="0.000764062">
        </testcase>
        <testcase classname="tests/unit/test-config.test.ts" name="vitest projects &gt; tests/unit/builder/onNodesChange.test.ts is picked up by exactly one project" time="0.004991589">
        </testcase>
        <testcase classname="tests/unit/test-config.test.ts" name="vitest projects &gt; tests/unit/builder/palette-defaults.test.ts is picked up by exactly one project" time="0.000420208">
        </testcase>
        <testcase classname="tests/unit/test-config.test.ts" name="vitest projects &gt; tests/unit/builder/panels/swap-panel.test.tsx is picked up by exactly one project" time="0.000383499">
        </testcase>
        <testcase classname="tests/unit/test-config.test.ts" name="vitest projects &gt; tests/unit/builder/inputs/numeric.utils.test.ts is picked up by exactly one project" time="0.000370625">
        </testcase>
        <testcase classname="tests/unit/test-config.test.ts" name="vitest projects &gt; tests/unit/builder/inputs/address-picker.test.tsx is picked up by exactly one project" time="0.000349776">
        </testcase>
        <testcase classname="tests/unit/test-config.test.ts" name="vitest projects &gt; tests/unit/builder/inputs/amount-input.test.tsx is picked up by exactly one project" time="0.000359574">
        </testcase>
        <testcase classname="tests/unit/test-config.test.ts" name="vitest projects &gt; tests/unit/builder/inputs/asset-select.test.tsx is picked up by exactly one project" time="0.000365274">
        </testcase>
        <testcase classname="tests/unit/test-config.test.ts" name="vitest projects &gt; tests/unit/builder/inputs/field.test.tsx is picked up by exactly one project" time="0.000358302">
        </testcase>
        <testcase classname="tests/unit/test-config.test.ts" name="vitest projects &gt; tests/unit/builder/inputs/share-input.test.tsx is picked up by exactly one project" time="0.000372588">
        </testcase>
        <testcase classname="tests/unit/test-config.test.ts" name="vitest projects &gt; tests/unit/builder/inputs/smoke.test.tsx is picked up by exactly one project" time="0.000399328">
        </testcase>
        <testcase classname="tests/unit/test-config.test.ts" name="vitest projects &gt; tests/unit/auth/cron-secret.test.ts is picked up by exactly one project" time="0.000350758">
        </testcase>
        <testcase classname="tests/unit/test-config.test.ts" name="vitest projects &gt; tests/unit/auth/env-email-from.test.ts is picked up by exactly one project" time="0.000363081">
        </testcase>
        <testcase classname="tests/unit/test-config.test.ts" name="vitest projects &gt; tests/unit/auth/jwt-callback.test.ts is picked up by exactly one project" time="0.000376866">
        </testcase>
        <testcase classname="tests/unit/test-config.test.ts" name="vitest projects &gt; tests/unit/auth/passkey-rp.test.ts is picked up by exactly one project" time="0.000356107">
        </testcase>
        <testcase classname="tests/unit/test-config.test.ts" name="vitest projects &gt; tests/unit/auth/password-reset-token.test.ts is picked up by exactly one project" time="0.000387285">
        </testcase>
        <testcase classname="tests/unit/test-config.test.ts" name="vitest projects &gt; tests/unit/auth/redirect-callback.test.ts is picked up by exactly one project" time="0.000370344">
        </testcase>
        <testcase classname="tests/unit/test-config.test.ts" name="vitest projects &gt; tests/unit/auth/require-dev-auth.test.ts is picked up by exactly one project" time="0.000385141">
        </testcase>
        <testcase classname="tests/unit/test-config.test.ts" name="vitest projects &gt; tests/unit/auth/safe-return-path.test.ts is picked up by exactly one project" time="0.000382066">
        </testcase>
        <testcase classname="tests/unit/test-config.test.ts" name="vitest projects &gt; tests/unit/auth/sandbox-credentials.test.ts is picked up by exactly one project" time="0.000371687">
        </testcase>
        <testcase classname="tests/unit/test-config.test.ts" name="vitest projects &gt; tests/unit/auth/session-version.test.ts is picked up by exactly one project" time="0.000361037">
        </testcase>
        <testcase classname="tests/unit/test-config.test.ts" name="vitest projects &gt; tests/unit/auth/tester-seed-sql.test.ts is picked up by exactly one project" time="0.000326482">
        </testcase>
        <testcase classname="tests/unit/test-config.test.ts" name="vitest projects &gt; tests/unit/auth/timing-safe.test.ts is picked up by exactly one project" time="0.000340869">
        </testcase>
        <testcase classname="tests/unit/test-config.test.ts" name="vitest projects &gt; tests/unit/api/admin-signed-transactions.test.ts is picked up by exactly one project" time="0.000374051">
        </testcase>
        <testcase classname="tests/unit/test-config.test.ts" name="vitest projects &gt; tests/unit/api/admin-users-session-version.test.ts is picked up by exactly one project" time="0.00032019">
        </testcase>
        <testcase classname="tests/unit/test-config.test.ts" name="vitest projects &gt; tests/unit/api/api-tokens.test.ts is picked up by exactly one project" time="0.000396934">
        </testcase>
        <testcase classname="tests/unit/test-config.test.ts" name="vitest projects &gt; tests/unit/api/deploy-prepare-swap.test.ts is picked up by exactly one project" time="0.000382857">
        </testcase>
        <testcase classname="tests/unit/test-config.test.ts" name="vitest projects &gt; tests/unit/api/deploy-submit.test.ts is picked up by exactly one project" time="0.000408326">
        </testcase>
        <testcase classname="tests/unit/test-config.test.ts" name="vitest projects &gt; tests/unit/api/dev-splitter.test.ts is picked up by exactly one project" time="0.000393938">
        </testcase>
        <testcase classname="tests/unit/test-config.test.ts" name="vitest projects &gt; tests/unit/api/employees-bank.test.ts is picked up by exactly one project" time="0.000526637">
        </testcase>
        <testcase classname="tests/unit/test-config.test.ts" name="vitest projects &gt; tests/unit/api/payroll-events.test.ts is picked up by exactly one project" time="0.000393197">
        </testcase>
        <testcase classname="tests/unit/test-config.test.ts" name="vitest projects &gt; tests/unit/api/payroll-record-run.test.ts is picked up by exactly one project" time="0.000359804">
        </testcase>
        <testcase classname="tests/unit/test-config.test.ts" name="vitest projects &gt; tests/unit/api/payroll-runs.test.ts is picked up by exactly one project" time="0.000340268">
        </testcase>
        <testcase classname="tests/unit/test-config.test.ts" name="vitest projects &gt; tests/unit/api/relayer-config.test.ts is picked up by exactly one project" time="0.000423333">
        </testcase>
        <testcase classname="tests/unit/test-config.test.ts" name="vitest projects &gt; tests/unit/api/sandbox-limits.test.ts is picked up by exactly one project" time="0.000345046">
        </testcase>
        <testcase classname="tests/unit/test-config.test.ts" name="vitest projects &gt; tests/unit/api/sandbox.test.ts is picked up by exactly one project" time="0.00036296">
        </testcase>
        <testcase classname="tests/unit/test-config.test.ts" name="vitest projects &gt; tests/unit/api/soroswap-quote.test.ts is picked up by exactly one project" time="0.000354264">
        </testcase>
        <testcase classname="tests/unit/test-config.test.ts" name="vitest projects &gt; tests/unit/api/submit-trigger.test.ts is picked up by exactly one project" time="0.000331031">
        </testcase>
        <testcase classname="tests/unit/test-config.test.ts" name="vitest projects &gt; tests/unit/api/trigger-amount-guard.test.ts is picked up by exactly one project" time="0.000371476">
        </testcase>
        <testcase classname="tests/unit/test-config.test.ts" name="vitest projects &gt; tests/unit/api/tx-status.test.ts is picked up by exactly one project" time="0.000347692">
        </testcase>
        <testcase classname="tests/unit/test-config.test.ts" name="vitest projects &gt; tests/unit/api/webhook-execute.test.ts is picked up by exactly one project" time="0.001578979">
        </testcase>
        <testcase classname="tests/unit/test-config.test.ts" name="vitest projects &gt; tests/unit/api/v1/auth.test.ts is picked up by exactly one project" time="0.000340418">
        </testcase>
        <testcase classname="tests/unit/test-config.test.ts" name="vitest projects &gt; tests/unit/api/v1/cursor.test.ts is picked up by exactly one project" time="0.000372067">
        </testcase>
        <testcase classname="tests/unit/test-config.test.ts" name="vitest projects &gt; tests/unit/api/v1/demo-token-lifecycle.test.ts is picked up by exactly one project" time="0.0003677">
        </testcase>
        <testcase classname="tests/unit/test-config.test.ts" name="vitest projects &gt; tests/unit/api/v1/demo-token.test.ts is picked up by exactly one project" time="0.000310311">
        </testcase>
        <testcase classname="tests/unit/test-config.test.ts" name="vitest projects &gt; tests/unit/api/v1/events.test.ts is picked up by exactly one project" time="0.0003947">
        </testcase>
        <testcase classname="tests/unit/test-config.test.ts" name="vitest projects &gt; tests/unit/api/v1/execute-envelope.test.ts is picked up by exactly one project" time="0.000333155">
        </testcase>
        <testcase classname="tests/unit/test-config.test.ts" name="vitest projects &gt; tests/unit/api/v1/execute.test.ts is picked up by exactly one project" time="0.000358191">
        </testcase>
        <testcase classname="tests/unit/test-config.test.ts" name="vitest projects &gt; tests/unit/api/v1/handler.test.ts is picked up by exactly one project" time="0.000384761">
        </testcase>
        <testcase classname="tests/unit/test-config.test.ts" name="vitest projects &gt; tests/unit/api/v1/openapi.test.ts is picked up by exactly one project" time="0.000343935">
        </testcase>
        <testcase classname="tests/unit/test-config.test.ts" name="vitest projects &gt; tests/unit/api/v1/token-lifecycle.test.ts is picked up by exactly one project" time="0.000341941">
        </testcase>
        <testcase classname="tests/unit/test-config.test.ts" name="vitest projects &gt; tests/unit/analytics/classify-error.test.ts is picked up by exactly one project" time="0.000375103">
        </testcase>
        <testcase classname="tests/unit/test-config.test.ts" name="vitest projects &gt; tests/unit/analytics/client-identity.test.ts is picked up by exactly one project" time="0.000355196">
        </testcase>
        <testcase classname="tests/unit/test-config.test.ts" name="vitest projects &gt; tests/unit/analytics/ingest-proxy.test.ts is picked up by exactly one project" time="0.000373771">
        </testcase>
        <testcase classname="tests/unit/test-config.test.ts" name="vitest projects &gt; tests/unit/analytics/redact-deep.test.ts is picked up by exactly one project" time="0.000355787">
        </testcase>
        <testcase classname="tests/unit/test-config.test.ts" name="vitest projects &gt; tests/unit/analytics/sanitize.test.ts is picked up by exactly one project" time="0.000337613">
        </testcase>
        <testcase classname="tests/unit/test-config.test.ts" name="vitest projects &gt; tests/unit/analytics/server.test.ts is picked up by exactly one project" time="0.000374122">
        </testcase>
        <testcase classname="tests/unit/test-config.test.ts" name="vitest projects &gt; tests/unit/analytics/validation-key.test.ts is picked up by exactly one project" time="0.000399539">
        </testcase>
        <testcase classname="tests/unit/test-config.test.ts" name="vitest projects &gt; tests/unit/ai/edit.test.ts is picked up by exactly one project" time="0.00040572">
        </testcase>
        <testcase classname="tests/unit/test-config.test.ts" name="vitest projects &gt; tests/unit/ai/groq.test.ts is picked up by exactly one project" time="0.000440646">
        </testcase>
        <testcase classname="tests/unit/test-config.test.ts" name="vitest projects &gt; tests/unit/ai/transcribe.test.ts is picked up by exactly one project" time="0.000397595">
        </testcase>
        <testcase classname="tests/unit/test-config.test.ts" name="vitest projects &gt; runs .tsx files in the dom project" time="0.001272685">
        </testcase>
    </testsuite>
    <testsuite name="tests/unit/to-params.test.ts" timestamp="2026-09-24T09:40:24.575Z" hostname="runnervmtr4k5" tests="62" failures="0" errors="0" skipped="0" time="0.039472736">
        <testcase classname="tests/unit/to-params.test.ts" name="flowToParams &gt; produces splitter params (on_receive → split)" time="0.004653493">
        </testcase>
        <testcase classname="tests/unit/to-params.test.ts" name="flowToParams &gt; produces splitter params with minAmountStroops" time="0.000599113">
        </testcase>
        <testcase classname="tests/unit/to-params.test.ts" name="flowToParams &gt; produces splitter params from pay-through (on_receive → pay)" time="0.000696786">
        </testcase>
        <testcase classname="tests/unit/to-params.test.ts" name="flowToParams &gt; produces streamer params (on_schedule → pay)" time="0.001411015">
        </testcase>
        <testcase classname="tests/unit/to-params.test.ts" name="flowToParams &gt; produces streamer params for scheduled split" time="0.000956012">
        </testcase>
        <testcase classname="tests/unit/to-params.test.ts" name="flowToParams &gt; derives streamer bps from fixed amounts for scheduled split" time="0.000768881">
        </testcase>
        <testcase classname="tests/unit/to-params.test.ts" name="flowToParams &gt; lets fixed amounts take precedence over a stale amount per interval" time="0.00047968">
        </testcase>
        <testcase classname="tests/unit/to-params.test.ts" name="flowToParams &gt; gives integer-division dust to the last streamer recipient" time="0.000613019">
        </testcase>
        <testcase classname="tests/unit/to-params.test.ts" name="flowToParams &gt; derives streamer bps from fixed amounts in the pipeline builder" time="0.002218059">
        </testcase>
        <testcase classname="tests/unit/to-params.test.ts" name="flowToParams &gt; honors pauseAllowed: false in streamer params" time="0.000473207">
        </testcase>
        <testcase classname="tests/unit/to-params.test.ts" name="flowToParams &gt; defaults retrieveAllowed to false in streamer params" time="0.000394991">
        </testcase>
        <testcase classname="tests/unit/to-params.test.ts" name="flowToParams &gt; honors retrieveAllowed: false in streamer params" time="0.00034123">
        </testcase>
        <testcase classname="tests/unit/to-params.test.ts" name="flowToParams &gt; produces conditional params (on_receive + condition → pay)" time="0.001350011">
        </testcase>
        <testcase classname="tests/unit/to-params.test.ts" name="flowToParams &gt; produces conditional params for split with condition (on_receive + condition → split)" time="0.0007628">
        </testcase>
        <testcase classname="tests/unit/to-params.test.ts" name="flowToParams &gt; produces conditional params for scheduled split with condition" time="0.000545553">
        </testcase>
        <testcase classname="tests/unit/to-params.test.ts" name="flowToParams &gt; produces conditional params for on_schedule + condition → pay" time="0.00043186">
        </testcase>
        <testcase classname="tests/unit/to-params.test.ts" name="flowToParams &gt; uses trigger minAmountStroops as source for conditional split" time="0.000305934">
        </testcase>
        <testcase classname="tests/unit/to-params.test.ts" name="flowToParams &gt; excludes email_notify from pipeline mapping" time="0.001146239">
        </testcase>
        <testcase classname="tests/unit/to-params.test.ts" name="flowToParams &gt; produces payroll pipeline (payroll trigger → split with fixed amounts)" time="0.001188295">
        </testcase>
        <testcase classname="tests/unit/to-params.test.ts" name="flowToParams &gt; decomposes a dev-mode payroll into SUBSCRIPTION_DEV → SPLITTER_DEV" time="0.000665627">
        </testcase>
        <testcase classname="tests/unit/to-params.test.ts" name="flowToParams &gt; decomposes non-dev payroll into SUBSCRIPTION → SPLITTER" time="0.000995867">
        </testcase>
        <testcase classname="tests/unit/to-params.test.ts" name="flowToParams &gt; decomposes non-dev payroll with fiat recipients into SUBSCRIPTION → SPLITTER → CASH_OUT" time="0.000957244">
        </testcase>
        <testcase classname="tests/unit/to-params.test.ts" name="flowToParams &gt; synthesizes CASH_OUT for a fiat split recipient in a non-dev on_receive flow" time="0.000945382">
        </testcase>
        <testcase classname="tests/unit/to-params.test.ts" name="flowToParams &gt; synthesizes CASH_OUT for a fiat pay node in a non-dev webhook flow" time="0.000729027">
        </testcase>
        <testcase classname="tests/unit/to-params.test.ts" name="flowToParams &gt; synthesizes CASH_OUT for fiat split recipients in a non-dev subscription flow" time="0.000473267">
        </testcase>
        <testcase classname="tests/unit/to-params.test.ts" name="flowToParams &gt; does not synthesize cash-out nodes for dev-mode non-payroll flows" time="0.000406612">
        </testcase>
        <testcase classname="tests/unit/to-params.test.ts" name="flowToParams &gt; keeps email_notify out of nextStepNodeIds" time="0.000931136">
        </testcase>
        <testcase classname="tests/unit/to-params.test.ts" name="bps helpers &gt; converts bps to pct" time="0.000180639">
        </testcase>
[...]
        </testcase>
        <testcase classname="tests/unit/builder/inputs/numeric.utils.test.ts" name="formatUnits &gt; round-trips 1234567890123 stroops through formatStroops" time="0.000146074">
        </testcase>
        <testcase classname="tests/unit/builder/inputs/numeric.utils.test.ts" name="formatUnits &gt; round-trips 170141183460469231731687303715884105727 stroops through formatStroops" time="0.000173055">
        </testcase>
        <testcase classname="tests/unit/builder/inputs/numeric.utils.test.ts" name="formatUnits &gt; normalises trailing points and leading zeros" time="0.000247413">
        </testcase>
        <testcase classname="tests/unit/builder/inputs/numeric.utils.test.ts" name="clampUnits &gt; passes a value in range and reports which bound a clamp hit" time="0.000366628">
        </testcase>
        <testcase classname="tests/unit/builder/inputs/numeric.utils.test.ts" name="refusalNote &gt; says what was wrong" time="0.000321623">
        </testcase>
    </testsuite>
    <testsuite name="tests/unit/builder/panels/swap-panel.test.tsx" timestamp="2026-09-24T09:40:24.843Z" hostname="runnervmtr4k5" tests="13" failures="0" errors="0" skipped="0" time="7.067787277">
        <testcase classname="tests/unit/builder/panels/swap-panel.test.tsx" name="SwapPanel &gt; is built from the four shared inputs, each labelled, in tab order" time="1.072494614">
        </testcase>
        <testcase classname="tests/unit/builder/panels/swap-panel.test.tsx" name="SwapPanel &gt; renders an error from the issue map on its field and describes it" time="0.411921008">
        </testcase>
        <testcase classname="tests/unit/builder/panels/swap-panel.test.tsx" name="SwapPanel &gt; puts the same-asset message on Asset Out" time="0.08045267">
        </testcase>
        <testcase classname="tests/unit/builder/panels/swap-panel.test.tsx" name="SwapPanel &gt; lets 0.5 be typed into slippage and clamps 0.1 on blur with a note" time="0.322676843">
        </testcase>
        <testcase classname="tests/unit/builder/panels/swap-panel.test.tsx" name="SwapPanel &gt; writes nothing when slippage or the deadline is cleared, and clamps the deadline on blur" time="0.318080864">
        </testcase>
        <testcase classname="tests/unit/builder/panels/swap-panel.test.tsx" name="SwapPanel &gt; emits no config FlowPatchSchema refuses, whatever is typed" time="2.497704284">
        </testcase>
        <testcase classname="tests/unit/builder/panels/swap-panel.test.tsx" name="SwapPanel &gt; keeps the preview amount out of the graph and quotes only committed amounts" time="0.995305276">
        </testcase>
        <testcase classname="tests/unit/builder/panels/swap-panel.test.tsx" name="SwapPanel &gt; says a cleared preview amount still quotes the last one, not that the flow uses it" time="0.091296514">
        </testcase>
        <testcase classname="tests/unit/builder/panels/swap-panel.test.tsx" name="SwapPanel &gt; cannot edit the router by typing or pasting" time="0.105493917">
        </testcase>
        <testcase classname="tests/unit/builder/panels/swap-panel.test.tsx" name="SwapPanel &gt; names an unconfigured router instead of showing an address" time="0.217085233">
        </testcase>
        <testcase classname="tests/unit/builder/panels/swap-panel.test.tsx" name="SwapPanel &gt; shows the quote as a ticket: the output, then the minimum and the rate" time="0.671686428">
        </testcase>
        <testcase classname="tests/unit/builder/panels/swap-panel.test.tsx" name="SwapPanel &gt; holds the figure&apos;s place with a skeleton while the quote loads" time="0.018921802">
        </testcase>
        <testcase classname="tests/unit/builder/panels/swap-panel.test.tsx" name="SwapPanel &gt; opens Advanced by itself when the deadline has an error" time="0.261724196">
        </testcase>
    </testsuite>
    <testsuite name="tests/unit/builder/inputs/address-picker.test.tsx" timestamp="2026-09-24T09:40:24.845Z" hostname="runnervmtr4k5" tests="32" failures="0" errors="0" skipped="0" time="2.678034394">
        <testcase classname="tests/unit/builder/inputs/address-picker.test.tsx" name="AddressPicker accept modes &gt; &quot;account&quot; commits 1 kind(s) and refuses the rest" time="0.454124991">
        </testcase>
        <testcase classname="tests/unit/builder/inputs/address-picker.test.tsx" name="AddressPicker accept modes &gt; &quot;contract&quot; commits 1 kind(s) and refuses the rest" time="0.239103303">
        </testcase>
        <testcase classname="tests/unit/builder/inputs/address-picker.test.tsx" name="AddressPicker accept modes &gt; &quot;either&quot; commits 2 kind(s) and refuses the rest" time="0.206156575">
        </testcase>
        <testcase classname="tests/unit/builder/inputs/address-picker.test.tsx" name="AddressPicker accept modes &gt; defaults to G… accounts with a PENDING: placeholder, as before" time="0.019429684">
        </testcase>
        <testcase classname="tests/unit/builder/inputs/address-picker.test.tsx" name="AddressPicker accept modes &gt; drops PENDING: from the placeholder and refuses it when pendingAllowed is false" time="0.029889403">
        </testcase>
        <testcase classname="tests/unit/builder/inputs/address-picker.test.tsx" name="AddressPicker commit=&quot;valid&quot; &gt; never calls onChange for an incomplete address, and keeps the draft on screen" time="0.033783242">
        </testcase>
        <testcase classname="tests/unit/builder/inputs/address-picker.test.tsx" name="AddressPicker commit=&quot;valid&quot; &gt; commits a PENDING: label and an explicit clear" time="0.026484901">
        </testcase>
        <testcase classname="tests/unit/builder/inputs/address-picker.test.tsx" name="AddressPicker commit=&quot;valid&quot; &gt; marks an edit that breaks a committed address as invalid, and a pick restores it" time="0.13717777">
        </testcase>
        <testcase classname="tests/unit/builder/inputs/address-picker.test.tsx" name="AddressPicker commit=&quot;valid&quot; &gt; &quot;always&quot; (the default) still forwards every keystroke" time="0.06018387">
        </testcase>
        <testcase classname="tests/unit/builder/inputs/address-picker.test.tsx" name="AddressPicker error message &gt; renders a string error under the field and describes the input with it" time="0.115666183">
        </testcase>
        <testcase classname="tests/unit/builder/inputs/address-picker.test.tsx" name="AddressPicker error message &gt; a boolean error colours the border and renders no text, as before" time="0.030519022">
        </testcase>
        <testcase classname="tests/unit/builder/inputs/address-picker.test.tsx" name="AddressPicker combobox ARIA &gt; is a combobox whose active descendant follows ArrowDown / ArrowUp" time="0.214665855">
        </testcase>
        <testcase classname="tests/unit/builder/inputs/address-picker.test.tsx" name="AddressPicker combobox ARIA &gt; reusable outside the swap: an account field with an address book and a picked entry" time="0.165277707">
        </testcase>
        <testcase classname="tests/unit/builder/inputs/address-picker.test.tsx" name="AddressPicker combobox ARIA &gt; accept=&quot;contract&quot; offers no G… entry from the address book" time="0.046110973">
        </testcase>
        <testcase classname="tests/unit/builder/inputs/address-picker.test.tsx" name="AddressPicker combobox ARIA &gt; is axe clean closed and with an empty address book open" time="0.117859805">
        </testcase>
        <testcase classname="tests/unit/builder/inputs/address-picker.test.tsx" name="AddressPicker editable styling &gt; the editable input is styled from styles.ts, plus room for the save button" time="0.019900878">
        </testcase>
        <testcase classname="tests/unit/builder/inputs/address-picker.test.tsx" name="AddressPicker editable styling &gt; the contacts search inside the listbox is styled from styles.ts too" time="0.058312357">
        </testcase>
        <testcase classname="tests/unit/builder/inputs/address-picker.test.tsx" name="AddressPicker editable styling &gt; the pending badge is announced, not only amber" time="0.041909977">
        </testcase>
        <testcase classname="tests/unit/builder/inputs/address-picker.test.tsx" name="AddressPicker editable styling &gt; an unlabelled picker still describes its pending badge" time="0.008545029">
        </testcase>
        <testcase classname="tests/unit/builder/inputs/address-picker.test.tsx" name="AddressPicker editable controls (#661) &gt; the save button has a real name, and the glyph is not part of it" time="0.018879744">
        </testcase>
        <testcase classname="tests/unit/builder/inputs/address-picker.test.tsx" name="AddressPicker editable controls (#661) &gt; the save button meets the coarse-pointer target" time="0.02294814">
        </testcase>
        <testcase classname="tests/unit/builder/inputs/address-picker.test.tsx" name="AddressPicker editable controls (#661) &gt; that name opens the save form, whose label field is named" time="0.114854121">
        </testcase>
        <testcase classname="tests/unit/builder/inputs/address-picker.test.tsx" name="AddressPicker editable controls (#661) &gt; the loading row hides its spinner&apos;s ligature from the accessible name" time="0.025676164">
        </testcase>
        <testcase classname="tests/unit/builder/inputs/address-picker.test.tsx" name="AddressPicker editable controls (#661) &gt; the save form opens on the first click, not the second" time="0.097769809">
        </testcase>
        <testcase classname="tests/unit/builder/inputs/address-picker.test.tsx" name="AddressPicker editable controls (#661) &gt; reopening the dropdown after a close shows contacts, not the save form" time="0.124113672">
        </testcase>
        <testcase classname="tests/unit/builder/inputs/address-picker.test.tsx" name="AddressPicker editable controls (#661) &gt; a pending value is never saveable, so the badge and the button never collide" time="0.004530553">
        </testcase>
        <testcase classname="tests/unit/builder/inputs/address-picker.test.tsx" name="AddressPicker pinned mode &gt; shows the id truncated in mono and exposes the full id" time="0.095456149">
        </testcase>
        <testcase classname="tests/unit/builder/inputs/address-picker.test.tsx" name="AddressPicker pinned mode &gt; copies the full id" time="0.01952909">
        </testcase>
        <testcase classname="tests/unit/builder/inputs/address-picker.test.tsx" name="AddressPicker pinned mode &gt; links mainnet to stellar.expert&apos;s public explorer" time="0.021353508">
        </testcase>
        <testcase classname="tests/unit/builder/inputs/address-picker.test.tsx" name="AddressPicker pinned mode &gt; links testnet to stellar.expert&apos;s testnet explorer" time="0.021055172">
        </testcase>
        <testcase classname="tests/unit/builder/inputs/address-picker.test.tsx" name="AddressPicker pinned mode &gt; shows the unconfigured state in the error style when the id is missing" time="0.03937592">
        </testcase>
        <testcase classname="tests/unit/builder/inputs/address-picker.test.tsx" name="AddressPicker pinned mode &gt; cannot be edited by typing or pasting, and never opens a listbox" time="0.043101532">
        </testcase>
    </testsuite>
    <testsuite name="tests/unit/builder/inputs/amount-input.test.tsx" timestamp="2026-09-24T09:40:24.849Z" hostname="runnervmtr4k5" tests="15" failures="0" errors="0" skipped="0" time="1.208775359">
        <testcase classname="tests/unit/builder/inputs/amount-input.test.tsx" name="AmountInput &gt; commits 1.5 as 15000000 stroops and keeps showing 1.5" time="0.418306721">
        </testcase>
        <testcase classname="tests/unit/builder/inputs/amount-input.test.tsx" name="AmountInput &gt; leaves the echo out with echo={false}" time="0.074066438">
        </testcase>
        <testcase classname="tests/unit/builder/inputs/amount-input.test.tsx" name="AmountInput &gt; takes 0.5 character by character" time="0.058837601">
        </testcase>
        <testcase classname="tests/unit/builder/inputs/amount-input.test.tsx" name="AmountInput &gt; clears to empty and commits nothing, then says what the flow still holds" time="0.105162185">
        </testcase>
        <testcase classname="tests/unit/builder/inputs/amount-input.test.tsx" name="AmountInput &gt; lets the caller word the empty note, for an amount the flow never holds" time="0.036144601">
        </testcase>
        <testcase classname="tests/unit/builder/inputs/amount-input.test.tsx" name="AmountInput &gt; refuses an 8th decimal and says why" time="0.050993525">
        </testcase>
        <testcase classname="tests/unit/builder/inputs/amount-input.test.tsx" name="AmountInput &gt; refuses a pasted &quot;1,5&quot; rather than guessing" time="0.070194351">
        </testcase>
        <testcase classname="tests/unit/builder/inputs/amount-input.test.tsx" name="AmountInput &gt; refuses a pasted &quot;1e7&quot; rather than guessing" time="0.06186233">
        </testcase>
        <testcase classname="tests/unit/builder/inputs/amount-input.test.tsx" name="AmountInput &gt; clamps a value above max on blur and says so" time="0.051649003">
        </testcase>
        <testcase classname="tests/unit/builder/inputs/amount-input.test.tsx" name="AmountInput &gt; never commits 0 without a min: the floor is 1 stroop" time="0.037498216">
        </testcase>
        <testcase classname="tests/unit/builder/inputs/amount-input.test.tsx" name="AmountInput &gt; normalises the draft on blur without a note when the value is unchanged" time="0.067563306">
        </testcase>
        <testcase classname="tests/unit/builder/inputs/amount-input.test.tsx" name="AmountInput &gt; follows a value changed from outside (undo, AI edit, flow load)" time="0.024469442">
        </testcase>
        <testcase classname="tests/unit/builder/inputs/amount-input.test.tsx" name="AmountInput &gt; does not call onChange when the parsed value is unchanged" time="0.02905047">
        </testcase>
        <testcase classname="tests/unit/builder/inputs/amount-input.test.tsx" name="AmountInput &gt; wires a caller&apos;s error as the field&apos;s error" time="0.041084971">
        </testcase>
        <testcase classname="tests/unit/builder/inputs/amount-input.test.tsx" name="AmountInput &gt; works as a pay node&apos;s amount (a non-swap props shape)" time="0.078980946">
        </testcase>
    </testsuite>
    <testsuite name="tests/unit/builder/inputs/asset-select.test.tsx" timestamp="2026-09-24T09:40:24.851Z" hostname="runnervmtr4k5" tests="8" failures="0" errors="0" skipped="0" time="0.659543918">
        <testcase classname="tests/unit/builder/inputs/asset-select.test.tsx" name="AssetSelect &gt; is a labelled select that reports the picked asset" time="0.348959424">
        </testcase>
        <testcase classname="tests/unit/builder/inputs/asset-select.test.tsx" name="AssetSelect &gt; wires an error to the select" time="0.065556026">
        </testcase>
        <testcase classname="tests/unit/builder/inputs/asset-select.test.tsx" name="AssetSelect &gt; disables options that differ from the upstream asset and says why" time="0.059108459">
        </testcase>
        <testcase classname="tests/unit/builder/inputs/asset-select.test.tsx" name="AssetSelect &gt; &quot;error&quot; policy shows an upstream custom asset and never writes it" time="0.04926176">
        </testcase>
        <testcase classname="tests/unit/builder/inputs/asset-select.test.tsx" name="AssetSelect &gt; keeps the policy message over a caller error, which still shows under adopt" time="0.033395225">
        </testcase>
        <testcase classname="tests/unit/builder/inputs/asset-select.test.tsx" name="AssetSelect &gt; &quot;adopt&quot; policy writes the upstream custom asset once" time="0.012226931">
        </testcase>
        <testcase classname="tests/unit/builder/inputs/asset-select.test.tsx" name="AssetSelect &gt; shows a saved value the catalogue does not offer instead of the first option" time="0.028242202">
        </testcase>
        <testcase classname="tests/unit/builder/inputs/asset-select.test.tsx" name="AssetSelect &gt; works with a plain non-swap props shape" time="0.060333719">
        </testcase>
    </testsuite>
    <testsuite name="tests/unit/builder/inputs/field.test.tsx" timestamp="2026-09-24T09:40:24.852Z" hostname="runnervmtr4k5" tests="5" failures="0" errors="0" skipped="0" time="0.349698495">
        <testcase classname="tests/unit/builder/inputs/field.test.tsx" name="Field &gt; names the control through htmlFor and describes it with the hint" time="0.21233436">
        </testcase>
        <testcase classname="tests/unit/builder/inputs/field.test.tsx" name="Field &gt; marks the control invalid and describes it with the error, outside its name" time="0.033041983">
        </testcase>
        <testcase classname="tests/unit/builder/inputs/field.test.tsx" name="Field &gt; keeps one polite error region whose text changes only with the message" time="0.011205076">
        </testcase>
        <testcase classname="tests/unit/builder/inputs/field.test.tsx" name="Field &gt; describes the control with a note in its own polite region" time="0.051509484">
        </testcase>
        <testcase classname="tests/unit/builder/inputs/field.test.tsx" name="Field &gt; labels a composite control as a group without naming only its first child" time="0.037252436">
        </testcase>
    </testsuite>
    <testsuite name="tests/unit/builder/inputs/share-input.test.tsx" timestamp="2026-09-24T09:40:24.853Z" hostname="runnervmtr4k5" tests="7" failures="0" errors="0" skipped="0" time="0.663201942">
        <testcase classname="tests/unit/builder/inputs/share-input.test.tsx" name="ShareInput &gt; lets slippage 0.5 be typed past a 0.3 floor and commits 50 bps" time="0.34435932">
        </testcase>
        <testcase classname="tests/unit/builder/inputs/share-input.test.tsx" name="ShareInput &gt; raises 0.1 to 0.3 on blur and says so" time="0.123066627">
        </testcase>
        <testcase classname="tests/unit/builder/inputs/share-input.test.tsx" name="ShareInput &gt; types a fractional percent exactly" time="0.071569541">
        </testcase>
        <testcase classname="tests/unit/builder/inputs/share-input.test.tsx" name="ShareInput &gt; renders no remainder line without remainingBps (the swapper&apos;s shape)" time="0.010710548">
        </testcase>
        <testcase classname="tests/unit/builder/inputs/share-input.test.tsx" name="ShareInput &gt; reports the remainder and an over-allocation as one of a splitter&apos;s shares" time="0.092758159">
        </testcase>
        <testcase classname="tests/unit/builder/inputs/share-input.test.tsx" name="ShareInput &gt; keeps a caller&apos;s error over its own over-allocation message" time="0.011430568">
        </testcase>
        <testcase classname="tests/unit/builder/inputs/share-input.test.tsx" name="ShareInput &gt; shows the over-allocation when the caller&apos;s error is empty" time="0.007084732">
        </testcase>
    </testsuite>
    <testsuite name="tests/unit/builder/inputs/smoke.test.tsx" timestamp="2026-09-24T09:40:24.855Z" hostname="runnervmtr4k5" tests="3" failures="0" errors="0" skipped="0" time="0.33234619">
        <testcase classname="tests/unit/builder/inputs/smoke.test.tsx" name="dom project smoke test &gt; renders a component and updates on user input" time="0.241929058">
        </testcase>
        <testcase classname="tests/unit/builder/inputs/smoke.test.tsx" name="dom project smoke test &gt; runs axe-core against the rendered tree" time="0.084232248">
        </testcase>
        <testcase classname="tests/unit/builder/inputs/smoke.test.tsx" name="dom project smoke test &gt; validates a Stellar address through lib/flows/schema.ts" time="0.004159928">
        </testcase>
    </testsuite>
</testsuites>
